C:\Users\Cesar M L Westphal\source\repos\gamificacaoBack\GamificacaoTech\app.js
C:\Users\Cesar M L Westphal\source\repos\gamificacaoBack\GamificacaoTech\app.js.map
C:\Users\Cesar M L Westphal\source\repos\gamificacaoBack\GamificacaoTech\infra\sql.js
C:\Users\Cesar M L Westphal\source\repos\gamificacaoBack\GamificacaoTech\infra\sql.js.map
C:\Users\Cesar M L Westphal\source\repos\gamificacaoBack\GamificacaoTech\utils\geradorHash.js
C:\Users\Cesar M L Westphal\source\repos\gamificacaoBack\GamificacaoTech\utils\geradorHash.js.map
C:\Users\Cesar M L Westphal\source\repos\gamificacaoBack\GamificacaoTech\models\Achievement.js
C:\Users\Cesar M L Westphal\source\repos\gamificacaoBack\GamificacaoTech\models\Achievement.js.map
C:\Users\Cesar M L Westphal\source\repos\gamificacaoBack\GamificacaoTech\models\AchievementUsuario.js
C:\Users\Cesar M L Westphal\source\repos\gamificacaoBack\GamificacaoTech\models\AchievementUsuario.js.map
C:\Users\Cesar M L Westphal\source\repos\gamificacaoBack\GamificacaoTech\models\Area.js
C:\Users\Cesar M L Westphal\source\repos\gamificacaoBack\GamificacaoTech\models\Area.js.map
C:\Users\Cesar M L Westphal\source\repos\gamificacaoBack\GamificacaoTech\models\Habilidade.js
C:\Users\Cesar M L Westphal\source\repos\gamificacaoBack\GamificacaoTech\models\Habilidade.js.map
C:\Users\Cesar M L Westphal\source\repos\gamificacaoBack\GamificacaoTech\models\Informacao.js
C:\Users\Cesar M L Westphal\source\repos\gamificacaoBack\GamificacaoTech\models\Informacao.js.map
C:\Users\Cesar M L Westphal\source\repos\gamificacaoBack\GamificacaoTech\models\ItemUsuario.js
C:\Users\Cesar M L Westphal\source\repos\gamificacaoBack\GamificacaoTech\models\ItemUsuario.js.map
C:\Users\Cesar M L Westphal\source\repos\gamificacaoBack\GamificacaoTech\models\Noticia.js
C:\Users\Cesar M L Westphal\source\repos\gamificacaoBack\GamificacaoTech\models\Noticia.js.map
C:\Users\Cesar M L Westphal\source\repos\gamificacaoBack\GamificacaoTech\models\Projeto.js
C:\Users\Cesar M L Westphal\source\repos\gamificacaoBack\GamificacaoTech\models\Projeto.js.map
C:\Users\Cesar M L Westphal\source\repos\gamificacaoBack\GamificacaoTech\models\TipoProjeto.js
C:\Users\Cesar M L Westphal\source\repos\gamificacaoBack\GamificacaoTech\models\TipoProjeto.js.map
C:\Users\Cesar M L Westphal\source\repos\gamificacaoBack\GamificacaoTech\models\Usuario.js
C:\Users\Cesar M L Westphal\source\repos\gamificacaoBack\GamificacaoTech\models\Usuario.js.map
C:\Users\Cesar M L Westphal\source\repos\gamificacaoBack\GamificacaoTech\models\UsuarioHabilidade.js
C:\Users\Cesar M L Westphal\source\repos\gamificacaoBack\GamificacaoTech\models\UsuarioHabilidade.js.map
C:\Users\Cesar M L Westphal\source\repos\gamificacaoBack\GamificacaoTech\routes\admin.js
C:\Users\Cesar M L Westphal\source\repos\gamificacaoBack\GamificacaoTech\routes\admin.js.map
C:\Users\Cesar M L Westphal\source\repos\gamificacaoBack\GamificacaoTech\routes\home.js
C:\Users\Cesar M L Westphal\source\repos\gamificacaoBack\GamificacaoTech\routes\home.js.map
C:\Users\Cesar M L Westphal\source\repos\gamificacaoBack\GamificacaoTech\utils\requests.js
C:\Users\Cesar M L Westphal\source\repos\gamificacaoBack\GamificacaoTech\utils\requests.js.map
C:\Users\Cesar M L Westphal\source\repos\gamificacaoBack\GamificacaoTech\routes\api\achievement.js
C:\Users\Cesar M L Westphal\source\repos\gamificacaoBack\GamificacaoTech\routes\api\achievement.js.map
C:\Users\Cesar M L Westphal\source\repos\gamificacaoBack\GamificacaoTech\routes\api\habilidadeUsuario.js
C:\Users\Cesar M L Westphal\source\repos\gamificacaoBack\GamificacaoTech\routes\api\habilidadeUsuario.js.map
C:\Users\Cesar M L Westphal\source\repos\gamificacaoBack\GamificacaoTech\routes\api\informacao.js
C:\Users\Cesar M L Westphal\source\repos\gamificacaoBack\GamificacaoTech\routes\api\informacao.js.map
C:\Users\Cesar M L Westphal\source\repos\gamificacaoBack\GamificacaoTech\routes\api\projeto.js
C:\Users\Cesar M L Westphal\source\repos\gamificacaoBack\GamificacaoTech\routes\api\projeto.js.map
C:\Users\Cesar M L Westphal\source\repos\gamificacaoBack\GamificacaoTech\routes\api\usuario.js
C:\Users\Cesar M L Westphal\source\repos\gamificacaoBack\GamificacaoTech\routes\api\usuario.js.map
